<?xml version="1.0" encoding="utf-8"?>
<UpgradeLog>
    <Settings>
        <Setting
            Name = "LogFile"
            Value = "WOS.log"
        />
        <Setting
            Name = "GenerateInterfacesForClasses"
            Value = "FALSE"
        />
        <Setting
            Name = "ProjectName"
            Value = "WOS"
        />
        <Setting
            Name = "OutputName"
            Value = "WOS.vbproj"
        />
        <Setting
            Name = "OutputDir"
            Value = "C:\PeopleServiceDOTNET\PeopleService\prjWOS.NET"
        />
        <Setting
            Name = "ProjectPath"
            Value = "C:\PeopleService\PeopleService\WOS.vbp"
        />
        <Setting
            Name = "MigrateProjectTo"
            Value = "0"
        />
    </Settings>
    <File
        OldPath = "C:\PeopleService\PeopleService\frmEquipment.frm"
        NewPath = "C:\PeopleServiceDOTNET\PeopleService\prjWOS.NET\frmEquipment.vb"
        FileType = "Form"
        Upgraded = "True"
    >
        <Section Name = "(Layout)" >
            <Issue
                Type = "Design"
                Number = "2064"
                ObjectName = "txtCount"
                ObjectType = "TextBox"
            >TextBox property txtCount.DataSource was not upgraded.</Issue>
            <Issue
                Type = "Design"
                Number = "2064"
                ObjectName = "txtEquipKey"
                ObjectType = "TextBox"
            >TextBox property txtEquipKey.DataSource was not upgraded.</Issue>
            <Issue
                Type = "Design"
                Number = "2064"
                ObjectName = "txtEquipDesc"
                ObjectType = "TextBox"
            >TextBox property txtEquipDesc.DataSource was not upgraded.</Issue>
            <Issue
                Type = "Design"
                Number = "2064"
                ObjectName = "txtMeterReading"
                ObjectType = "TextBox"
            >TextBox property txtMeterReading.DataSource was not upgraded.</Issue>
            <Issue
                Type = "Design"
                Number = "2064"
                ObjectName = "txtMechTdh"
                ObjectType = "TextBox"
            >TextBox property txtMechTdh.DataSource was not upgraded.</Issue>
            <Issue
                Type = "Design"
                Number = "2064"
                ObjectName = "txtMechSize"
                ObjectType = "TextBox"
            >TextBox property txtMechSize.DataSource was not upgraded.</Issue>
            <Issue
                Type = "Design"
                Number = "2064"
                ObjectName = "txtMechCap"
                ObjectType = "TextBox"
            >TextBox property txtMechCap.DataSource was not upgraded.</Issue>
            <Issue
                Type = "Design"
                Number = "2064"
                ObjectName = "txtMechRpm"
                ObjectType = "TextBox"
            >TextBox property txtMechRpm.DataSource was not upgraded.</Issue>
            <Issue
                Type = "Design"
                Number = "2064"
                ObjectName = "txtMechHp"
                ObjectType = "TextBox"
            >TextBox property txtMechHp.DataSource was not upgraded.</Issue>
            <Issue
                Type = "Design"
                Number = "2064"
                ObjectName = "txtMechImpSz"
                ObjectType = "TextBox"
            >TextBox property txtMechImpSz.DataSource was not upgraded.</Issue>
            <Issue
                Type = "Design"
                Number = "2064"
                ObjectName = "txtMechModel"
                ObjectType = "TextBox"
            >TextBox property txtMechModel.DataSource was not upgraded.</Issue>
            <Issue
                Type = "Design"
                Number = "2064"
                ObjectName = "txtMechFrame"
                ObjectType = "TextBox"
            >TextBox property txtMechFrame.DataSource was not upgraded.</Issue>
            <Issue
                Type = "Design"
                Number = "2064"
                ObjectName = "txtMechID"
                ObjectType = "TextBox"
            >TextBox property txtMechID.DataSource was not upgraded.</Issue>
            <Issue
                Type = "Design"
                Number = "2064"
                ObjectName = "txtMechSerial"
                ObjectType = "TextBox"
            >TextBox property txtMechSerial.DataSource was not upgraded.</Issue>
            <Issue
                Type = "Design"
                Number = "2064"
                ObjectName = "txtMechCfm"
                ObjectType = "TextBox"
            >TextBox property txtMechCfm.DataSource was not upgraded.</Issue>
            <Issue
                Type = "Design"
                Number = "2064"
                ObjectName = "txtMechMinRpm"
                ObjectType = "TextBox"
            >TextBox property txtMechMinRpm.DataSource was not upgraded.</Issue>
            <Issue
                Type = "Design"
                Number = "2064"
                ObjectName = "txtMechMaxRpm"
                ObjectType = "TextBox"
            >TextBox property txtMechMaxRpm.DataSource was not upgraded.</Issue>
            <Issue
                Type = "Design"
                Number = "2064"
                ObjectName = "txtMechCatNo"
                ObjectType = "TextBox"
            >TextBox property txtMechCatNo.DataSource was not upgraded.</Issue>
            <Issue
                Type = "Design"
                Number = "2064"
                ObjectName = "txtMechRecomSpareParts"
                ObjectType = "TextBox"
            >TextBox property txtMechRecomSpareParts.DataSource was not upgraded.</Issue>
            <Issue
                Type = "Design"
                Number = "2064"
                ObjectName = "txtMechMiscNPData"
                ObjectType = "TextBox"
            >TextBox property txtMechMiscNPData.DataSource was not upgraded.</Issue>
            <Issue
                Type = "Design"
                Number = "2064"
                ObjectName = "txtMechNoOfValvesTypes"
                ObjectType = "TextBox"
            >TextBox property txtMechNoOfValvesTypes.DataSource was not upgraded.</Issue>
            <Issue
                Type = "Design"
                Number = "2064"
                ObjectName = "txtMechPipeType"
                ObjectType = "TextBox"
            >TextBox property txtMechPipeType.DataSource was not upgraded.</Issue>
            <Issue
                Type = "Design"
                Number = "2064"
                ObjectName = "txtMechPipeSize"
                ObjectType = "TextBox"
            >TextBox property txtMechPipeSize.DataSource was not upgraded.</Issue>
            <Issue
                Type = "Design"
                Number = "2064"
                ObjectName = "txtMechOil"
                ObjectType = "TextBox"
            >TextBox property txtMechOil.DataSource was not upgraded.</Issue>
            <Issue
                Type = "Design"
                Number = "2064"
                ObjectName = "txtMechOilFilter"
                ObjectType = "TextBox"
            >TextBox property txtMechOilFilter.DataSource was not upgraded.</Issue>
            <Issue
                Type = "Design"
                Number = "2064"
                ObjectName = "txtMechAirFilter"
                ObjectType = "TextBox"
            >TextBox property txtMechAirFilter.DataSource was not upgraded.</Issue>
            <Issue
                Type = "Design"
                Number = "2064"
                ObjectName = "txtMechBelt1"
                ObjectType = "TextBox"
            >TextBox property txtMechBelt1.DataSource was not upgraded.</Issue>
            <Issue
                Type = "Design"
                Number = "2064"
                ObjectName = "txtMechBelt2"
                ObjectType = "TextBox"
            >TextBox property txtMechBelt2.DataSource was not upgraded.</Issue>
            <Issue
                Type = "Design"
                Number = "2064"
                ObjectName = "txtElecSerial"
                ObjectType = "TextBox"
            >TextBox property txtElecSerial.DataSource was not upgraded.</Issue>
            <Issue
                Type = "Design"
                Number = "2064"
                ObjectName = "txtElecID"
                ObjectType = "TextBox"
            >TextBox property txtElecID.DataSource was not upgraded.</Issue>
            <Issue
                Type = "Design"
                Number = "2064"
                ObjectName = "txtElecModel"
                ObjectType = "TextBox"
            >TextBox property txtElecModel.DataSource was not upgraded.</Issue>
            <Issue
                Type = "Design"
                Number = "2064"
                ObjectName = "txtElecSf"
                ObjectType = "TextBox"
            >TextBox property txtElecSf.DataSource was not upgraded.</Issue>
            <Issue
                Type = "Design"
                Number = "2064"
                ObjectName = "txtElecPhs"
                ObjectType = "TextBox"
            >TextBox property txtElecPhs.DataSource was not upgraded.</Issue>
            <Issue
                Type = "Design"
                Number = "2064"
                ObjectName = "txtElecRpm"
                ObjectType = "TextBox"
            >TextBox property txtElecRpm.DataSource was not upgraded.</Issue>
            <Issue
                Type = "Design"
                Number = "2064"
                ObjectName = "txtElecHp"
                ObjectType = "TextBox"
            >TextBox property txtElecHp.DataSource was not upgraded.</Issue>
            <Issue
                Type = "Design"
                Number = "2064"
                ObjectName = "txtElecCatNo"
                ObjectType = "TextBox"
            >TextBox property txtElecCatNo.DataSource was not upgraded.</Issue>
            <Issue
                Type = "Design"
                Number = "2064"
                ObjectName = "txtElecFrame"
                ObjectType = "TextBox"
            >TextBox property txtElecFrame.DataSource was not upgraded.</Issue>
            <Issue
                Type = "Design"
                Number = "2064"
                ObjectName = "txtElecDesign"
                ObjectType = "TextBox"
            >TextBox property txtElecDesign.DataSource was not upgraded.</Issue>
            <Issue
                Type = "Design"
                Number = "2064"
                ObjectName = "txtElecInslCl"
                ObjectType = "TextBox"
            >TextBox property txtElecInslCl.DataSource was not upgraded.</Issue>
            <Issue
                Type = "Design"
                Number = "2064"
                ObjectName = "txtElecDuty"
                ObjectType = "TextBox"
            >TextBox property txtElecDuty.DataSource was not upgraded.</Issue>
            <Issue
                Type = "Design"
                Number = "2064"
                ObjectName = "txtElecAmp"
                ObjectType = "TextBox"
            >TextBox property txtElecAmp.DataSource was not upgraded.</Issue>
            <Issue
                Type = "Design"
                Number = "2064"
                ObjectName = "txtElecV"
                ObjectType = "TextBox"
            >TextBox property txtElecV.DataSource was not upgraded.</Issue>
            <Issue
                Type = "Design"
                Number = "2064"
                ObjectName = "txtElecOppEndBrg"
                ObjectType = "TextBox"
            >TextBox property txtElecOppEndBrg.DataSource was not upgraded.</Issue>
            <Issue
                Type = "Design"
                Number = "2064"
                ObjectName = "txtElecShaftEndBrg"
                ObjectType = "TextBox"
            >TextBox property txtElecShaftEndBrg.DataSource was not upgraded.</Issue>
            <Issue
                Type = "Design"
                Number = "2064"
                ObjectName = "txtElecMiscNpData"
                ObjectType = "TextBox"
            >TextBox property txtElecMiscNpData.DataSource was not upgraded.</Issue>
            <Issue
                Type = "Design"
                Number = "2064"
                ObjectName = "txtElecRecomSpareParts"
                ObjectType = "TextBox"
            >TextBox property txtElecRecomSpareParts.DataSource was not upgraded.</Issue>
            <Issue
                Type = "Design"
                Number = "2064"
                ObjectName = "txtElecHz"
                ObjectType = "TextBox"
            >TextBox property txtElecHz.DataSource was not upgraded.</Issue>
            <Issue
                Type = "Design"
                Number = "2064"
                ObjectName = "frmEquipment"
                ObjectType = "Form"
                PME = "ScaleHeight"
            >Form property frmEquipment.ScaleHeight was not upgraded.</Issue>
            <Issue
                Type = "Design"
                Number = "2038"
                ObjectName = "frmEquipment"
                ObjectType = "Form"
                PME = "ScaleMode"
            >Form property frmEquipment.ScaleMode is not supported.</Issue>
            <Issue
                Type = "Design"
                Number = "2064"
                ObjectName = "frmEquipment"
                ObjectType = "Form"
                PME = "ScaleWidth"
            >Form property frmEquipment.ScaleWidth was not upgraded.</Issue>
            <Issue
                Type = "Design"
                Number = "2065"
                ObjectName = "txtEquipKey"
                ObjectType = "TextBox"
                PME = "MaxLength"
            >TextBox property txtEquipKey.MaxLength has a new behavior.</Issue>
            <Issue
                Type = "Design"
                Number = "2065"
                ObjectName = "txtEquipDesc"
                ObjectType = "TextBox"
                PME = "MaxLength"
            >TextBox property txtEquipDesc.MaxLength has a new behavior.</Issue>
            <Issue
                Type = "Design"
                Number = "2064"
                ObjectName = "txtMeterReading"
                ObjectType = "TextBox"
                PME = "DataFormat"
            >TextBox property txtMeterReading.DataFormat was not upgraded.</Issue>
            <Issue
                Type = "Design"
                Number = "2065"
                ObjectName = "txtMechTdh"
                ObjectType = "TextBox"
                PME = "MaxLength"
            >TextBox property txtMechTdh.MaxLength has a new behavior.</Issue>
            <Issue
                Type = "Design"
                Number = "2065"
                ObjectName = "txtMechSize"
                ObjectType = "TextBox"
                PME = "MaxLength"
            >TextBox property txtMechSize.MaxLength has a new behavior.</Issue>
            <Issue
                Type = "Design"
                Number = "2065"
                ObjectName = "txtMechCap"
                ObjectType = "TextBox"
                PME = "MaxLength"
            >TextBox property txtMechCap.MaxLength has a new behavior.</Issue>
            <Issue
                Type = "Design"
                Number = "2065"
                ObjectName = "txtMechRpm"
                ObjectType = "TextBox"
                PME = "MaxLength"
            >TextBox property txtMechRpm.MaxLength has a new behavior.</Issue>
            <Issue
                Type = "Design"
                Number = "2065"
                ObjectName = "txtMechHp"
                ObjectType = "TextBox"
                PME = "MaxLength"
            >TextBox property txtMechHp.MaxLength has a new behavior.</Issue>
            <Issue
                Type = "Design"
                Number = "2065"
                ObjectName = "txtMechImpSz"
                ObjectType = "TextBox"
                PME = "MaxLength"
            >TextBox property txtMechImpSz.MaxLength has a new behavior.</Issue>
            <Issue
                Type = "Design"
                Number = "2065"
                ObjectName = "txtMechModel"
                ObjectType = "TextBox"
                PME = "MaxLength"
            >TextBox property txtMechModel.MaxLength has a new behavior.</Issue>
            <Issue
                Type = "Design"
                Number = "2065"
                ObjectName = "txtMechFrame"
                ObjectType = "TextBox"
                PME = "MaxLength"
            >TextBox property txtMechFrame.MaxLength has a new behavior.</Issue>
            <Issue
                Type = "Design"
                Number = "2065"
                ObjectName = "txtMechID"
                ObjectType = "TextBox"
                PME = "MaxLength"
            >TextBox property txtMechID.MaxLength has a new behavior.</Issue>
            <Issue
                Type = "Design"
                Number = "2065"
                ObjectName = "txtMechSerial"
                ObjectType = "TextBox"
                PME = "MaxLength"
            >TextBox property txtMechSerial.MaxLength has a new behavior.</Issue>
            <Issue
                Type = "Design"
                Number = "2065"
                ObjectName = "txtMechCfm"
                ObjectType = "TextBox"
                PME = "MaxLength"
            >TextBox property txtMechCfm.MaxLength has a new behavior.</Issue>
            <Issue
                Type = "Design"
                Number = "2065"
                ObjectName = "txtMechMinRpm"
                ObjectType = "TextBox"
                PME = "MaxLength"
            >TextBox property txtMechMinRpm.MaxLength has a new behavior.</Issue>
            <Issue
                Type = "Design"
                Number = "2065"
                ObjectName = "txtMechMaxRpm"
                ObjectType = "TextBox"
                PME = "MaxLength"
            >TextBox property txtMechMaxRpm.MaxLength has a new behavior.</Issue>
            <Issue
                Type = "Design"
                Number = "2065"
                ObjectName = "txtMechCatNo"
                ObjectType = "TextBox"
                PME = "MaxLength"
            >TextBox property txtMechCatNo.MaxLength has a new behavior.</Issue>
            <Issue
                Type = "Design"
                Number = "2065"
                ObjectName = "txtMechRecomSpareParts"
                ObjectType = "TextBox"
                PME = "MaxLength"
            >TextBox property txtMechRecomSpareParts.MaxLength has a new behavior.</Issue>
            <Issue
                Type = "Design"
                Number = "2065"
                ObjectName = "txtMechMiscNPData"
                ObjectType = "TextBox"
                PME = "MaxLength"
            >TextBox property txtMechMiscNPData.MaxLength has a new behavior.</Issue>
            <Issue
                Type = "Design"
                Number = "2065"
                ObjectName = "txtMechNoOfValvesTypes"
                ObjectType = "TextBox"
                PME = "MaxLength"
            >TextBox property txtMechNoOfValvesTypes.MaxLength has a new behavior.</Issue>
            <Issue
                Type = "Design"
                Number = "2065"
                ObjectName = "txtMechPipeType"
                ObjectType = "TextBox"
                PME = "MaxLength"
            >TextBox property txtMechPipeType.MaxLength has a new behavior.</Issue>
            <Issue
                Type = "Design"
                Number = "2065"
                ObjectName = "txtMechPipeSize"
                ObjectType = "TextBox"
                PME = "MaxLength"
            >TextBox property txtMechPipeSize.MaxLength has a new behavior.</Issue>
            <Issue
                Type = "Design"
                Number = "2065"
                ObjectName = "txtMechOil"
                ObjectType = "TextBox"
                PME = "MaxLength"
            >TextBox property txtMechOil.MaxLength has a new behavior.</Issue>
            <Issue
                Type = "Design"
                Number = "2065"
                ObjectName = "txtMechOilFilter"
                ObjectType = "TextBox"
                PME = "MaxLength"
            >TextBox property txtMechOilFilter.MaxLength has a new behavior.</Issue>
            <Issue
                Type = "Design"
                Number = "2065"
                ObjectName = "txtMechAirFilter"
                ObjectType = "TextBox"
                PME = "MaxLength"
            >TextBox property txtMechAirFilter.MaxLength has a new behavior.</Issue>
            <Issue
                Type = "Design"
                Number = "2065"
                ObjectName = "txtMechBelt1"
                ObjectType = "TextBox"
                PME = "MaxLength"
            >TextBox property txtMechBelt1.MaxLength has a new behavior.</Issue>
            <Issue
                Type = "Design"
                Number = "2065"
                ObjectName = "txtMechBelt2"
                ObjectType = "TextBox"
                PME = "MaxLength"
            >TextBox property txtMechBelt2.MaxLength has a new behavior.</Issue>
            <Issue
                Type = "Design"
                Number = "2065"
                ObjectName = "txtElecSerial"
                ObjectType = "TextBox"
                PME = "MaxLength"
            >TextBox property txtElecSerial.MaxLength has a new behavior.</Issue>
            <Issue
                Type = "Design"
                Number = "2065"
                ObjectName = "txtElecID"
                ObjectType = "TextBox"
                PME = "MaxLength"
            >TextBox property txtElecID.MaxLength has a new behavior.</Issue>
            <Issue
                Type = "Design"
                Number = "2065"
                ObjectName = "txtElecModel"
                ObjectType = "TextBox"
                PME = "MaxLength"
            >TextBox property txtElecModel.MaxLength has a new behavior.</Issue>
            <Issue
                Type = "Design"
                Number = "2065"
                ObjectName = "txtElecSf"
                ObjectType = "TextBox"
                PME = "MaxLength"
            >TextBox property txtElecSf.MaxLength has a new behavior.</Issue>
            <Issue
                Type = "Design"
                Number = "2065"
                ObjectName = "txtElecPhs"
                ObjectType = "TextBox"
                PME = "MaxLength"
            >TextBox property txtElecPhs.MaxLength has a new behavior.</Issue>
            <Issue
                Type = "Design"
                Number = "2065"
                ObjectName = "txtElecRpm"
                ObjectType = "TextBox"
                PME = "MaxLength"
            >TextBox property txtElecRpm.MaxLength has a new behavior.</Issue>
            <Issue
                Type = "Design"
                Number = "2065"
                ObjectName = "txtElecHp"
                ObjectType = "TextBox"
                PME = "MaxLength"
            >TextBox property txtElecHp.MaxLength has a new behavior.</Issue>
            <Issue
                Type = "Design"
                Number = "2065"
                ObjectName = "txtElecCatNo"
                ObjectType = "TextBox"
                PME = "MaxLength"
            >TextBox property txtElecCatNo.MaxLength has a new behavior.</Issue>
            <Issue
                Type = "Design"
                Number = "2065"
                ObjectName = "txtElecFrame"
                ObjectType = "TextBox"
                PME = "MaxLength"
            >TextBox property txtElecFrame.MaxLength has a new behavior.</Issue>
            <Issue
                Type = "Design"
                Number = "2065"
                ObjectName = "txtElecDesign"
                ObjectType = "TextBox"
                PME = "MaxLength"
            >TextBox property txtElecDesign.MaxLength has a new behavior.</Issue>
            <Issue
                Type = "Design"
                Number = "2065"
                ObjectName = "txtElecInslCl"
                ObjectType = "TextBox"
                PME = "MaxLength"
            >TextBox property txtElecInslCl.MaxLength has a new behavior.</Issue>
            <Issue
                Type = "Design"
                Number = "2065"
                ObjectName = "txtElecDuty"
                ObjectType = "TextBox"
                PME = "MaxLength"
            >TextBox property txtElecDuty.MaxLength has a new behavior.</Issue>
            <Issue
                Type = "Design"
                Number = "2065"
                ObjectName = "txtElecAmp"
                ObjectType = "TextBox"
                PME = "MaxLength"
            >TextBox property txtElecAmp.MaxLength has a new behavior.</Issue>
            <Issue
                Type = "Design"
                Number = "2065"
                ObjectName = "txtElecV"
                ObjectType = "TextBox"
                PME = "MaxLength"
            >TextBox property txtElecV.MaxLength has a new behavior.</Issue>
            <Issue
                Type = "Design"
                Number = "2065"
                ObjectName = "txtElecOppEndBrg"
                ObjectType = "TextBox"
                PME = "MaxLength"
            >TextBox property txtElecOppEndBrg.MaxLength has a new behavior.</Issue>
            <Issue
                Type = "Design"
                Number = "2065"
                ObjectName = "txtElecShaftEndBrg"
                ObjectType = "TextBox"
                PME = "MaxLength"
            >TextBox property txtElecShaftEndBrg.MaxLength has a new behavior.</Issue>
            <Issue
                Type = "Design"
                Number = "2065"
                ObjectName = "txtElecMiscNpData"
                ObjectType = "TextBox"
                PME = "MaxLength"
            >TextBox property txtElecMiscNpData.MaxLength has a new behavior.</Issue>
            <Issue
                Type = "Design"
                Number = "2065"
                ObjectName = "txtElecRecomSpareParts"
                ObjectType = "TextBox"
                PME = "MaxLength"
            >TextBox property txtElecRecomSpareParts.MaxLength has a new behavior.</Issue>
            <Issue
                Type = "Design"
                Number = "2065"
                ObjectName = "txtElecHz"
                ObjectType = "TextBox"
                PME = "MaxLength"
            >TextBox property txtElecHz.MaxLength has a new behavior.</Issue>
        </Section>
        <Section Name = "AddUpdateEquip" >
            <Issue
                Type = "Runtime"
                Number = "1049"
            >Use of Null/IsNull() detected.</Issue>
        </Section>
        <Section Name = "cmdPrintForm_Click" >
            <Issue
                Type = "Compile"
                Number = "2064"
                ObjectName = "frmEquipment"
                ObjectType = "Form"
                PME = "PrintForm"
            >Form method frmEquipment.PrintForm was not upgraded.</Issue>
        </Section>
        <Section Name = "SetGrid" >
            <Issue
                Type = "Runtime"
                Number = "1037"
            >Couldn't resolve default property of object col1.Caption.</Issue>
            <Issue
                Type = "Runtime"
                Number = "1037"
            >Couldn't resolve default property of object col2.Caption.</Issue>
            <Issue
                Type = "Runtime"
                Number = "1037"
            >Couldn't resolve default property of object col3.Caption.</Issue>
            <Issue
                Type = "Runtime"
                Number = "1037"
            >Couldn't resolve default property of object col1.Width.</Issue>
            <Issue
                Type = "Runtime"
                Number = "1037"
            >Couldn't resolve default property of object col2.Width.</Issue>
            <Issue
                Type = "Runtime"
                Number = "1037"
            >Couldn't resolve default property of object col3.Width.</Issue>
        </Section>
        <Section Name = "Form_Activate" >
            <Issue
                Type = "Runtime"
                Number = "2065"
                ObjectName = "frmEquipment"
                ObjectType = "Form"
                PME = "Activate"
            >Form event frmEquipment.Activate has a new behavior.</Issue>
        </Section>
        <Section Name = "ChangedData" >
            <Issue
                Type = "Runtime"
                Number = "1049"
                PME = "IsNull"
            >Use of Null/IsNull() detected.</Issue>
        </Section>
        <Section Name = "FillFields" >
            <Issue
                Type = "Runtime"
                Number = "1049"
                PME = "IsNull"
            >Use of Null/IsNull() detected.</Issue>
        </Section>
        <Section Name = "Form_Unload" >
            <Issue
                Type = "Runtime"
                Number = "2065"
                ObjectName = "frmEquipment"
                ObjectType = "Form"
                PME = "Unload"
            >Form event frmEquipment.Unload has a new behavior.</Issue>
        </Section>
    </File>
    <File
        OldPath = "C:\PeopleService\PeopleService\MDIFormWOS.frm"
        NewPath = "C:\PeopleServiceDOTNET\PeopleService\prjWOS.NET\MDIFormWOS.vb"
        FileType = "MDI Form"
        Upgraded = "True"
    >
        <Section Name = "cmdAdd_Click" >
            <Issue
                Type = "Compile"
                Number = "2072"
            >Control Add could not be resolved because it was within the generic namespace ActiveMDIChild.</Issue>
        </Section>
        <Section Name = "cmdCancel_Click" >
            <Issue
                Type = "Compile"
                Number = "2072"
            >Control Cancel could not be resolved because it was within the generic namespace ActiveMDIChild.</Issue>
        </Section>
        <Section Name = "cmdDelete_Click" >
            <Issue
                Type = "Compile"
                Number = "2072"
            >Control Delete could not be resolved because it was within the generic namespace ActiveMDIChild.</Issue>
        </Section>
        <Section Name = "cmdFirst_Click" >
            <Issue
                Type = "Compile"
                Number = "2072"
            >Control FirstRec could not be resolved because it was within the generic namespace ActiveMDIChild.</Issue>
        </Section>
        <Section Name = "cmdFormView_Click" >
            <Issue
                Type = "Compile"
                Number = "2072"
            >Control FormView could not be resolved because it was within the generic namespace ActiveMDIChild.</Issue>
        </Section>
        <Section Name = "cmdGridView_Click" >
            <Issue
                Type = "Compile"
                Number = "2072"
            >Control GridView could not be resolved because it was within the generic namespace ActiveMDIChild.</Issue>
        </Section>
        <Section Name = "cmdLast_Click" >
            <Issue
                Type = "Compile"
                Number = "2072"
            >Control LastRec could not be resolved because it was within the generic namespace ActiveMDIChild.</Issue>
        </Section>
        <Section Name = "cmdNext_Click" >
            <Issue
                Type = "Compile"
                Number = "2072"
            >Control NextRec could not be resolved because it was within the generic namespace ActiveMDIChild.</Issue>
        </Section>
        <Section Name = "cmdPrevious_Click" >
            <Issue
                Type = "Compile"
                Number = "2072"
            >Control PrevRec could not be resolved because it was within the generic namespace ActiveMDIChild.</Issue>
        </Section>
        <Section Name = "cmdPrint_Click" >
            <Issue
                Type = "Compile"
                Number = "2072"
            >Control PrintReports could not be resolved because it was within the generic namespace ActiveMDIChild.</Issue>
        </Section>
        <Section Name = "cmdRefresh_Click" >
            <Issue
                Type = "Compile"
                Number = "2072"
            >Control RefreshRec could not be resolved because it was within the generic namespace ActiveMDIChild.</Issue>
        </Section>
        <Section Name = "cmdSave_Click" >
            <Issue
                Type = "Compile"
                Number = "2072"
            >Control Save could not be resolved because it was within the generic namespace ActiveMDIChild.</Issue>
        </Section>
        <Section Name = "cmdSearch_Click" >
            <Issue
                Type = "Compile"
                Number = "2072"
            >Control SearchRec could not be resolved because it was within the generic namespace ActiveMDIChild.</Issue>
        </Section>
        <Section Name = "SaveActive" >
            <Issue
                Type = "Compile"
                Number = "2072"
            >Control CheckChange could not be resolved because it was within the generic namespace ActiveMDIChild.</Issue>
            <Issue
                Type = "Runtime"
                Number = "1037"
            >Couldn't resolve default property of object Forms.count.</Issue>
            <Issue
                Type = "Compile"
                Number = "2068"
                PME = "Forms"
            >Forms collection was not upgraded.</Issue>
        </Section>
        <Section Name = "MDIForm_Unload" >
            <Issue
                Type = "Runtime"
                Number = "2065"
                ObjectName = "MDIFormWOS"
                ObjectType = "Form"
                PME = "Unload"
            >Form event MDIFormWOS.Unload has a new behavior.</Issue>
        </Section>
        <Section Name = "mnuEquipList_Click" >
            <Issue
                Type = "Runtime"
                Number = "1037"
            >Couldn't resolve default property of object DRptEquipList.Show.</Issue>
            <Issue
                Type = "Runtime"
                Number = "1037"
            >Couldn't resolve default property of object DRptEquipList.Top.</Issue>
            <Issue
                Type = "Runtime"
                Number = "1037"
            >Couldn't resolve default property of object DRptEquipList.Left.</Issue>
            <Issue
                Type = "Runtime"
                Number = "1037"
            >Couldn't resolve default property of object DRptEquipList.Height.</Issue>
            <Issue
                Type = "Runtime"
                Number = "1037"
            >Couldn't resolve default property of object DRptEquipList.Width.</Issue>
        </Section>
        <Section Name = "mnuEquipSum_Click" >
            <Issue
                Type = "Runtime"
                Number = "1037"
            >Couldn't resolve default property of object DRptEquipSum.Show.</Issue>
            <Issue
                Type = "Runtime"
                Number = "1037"
            >Couldn't resolve default property of object DRptEquipSum.Top.</Issue>
            <Issue
                Type = "Runtime"
                Number = "1037"
            >Couldn't resolve default property of object DRptEquipSum.Left.</Issue>
            <Issue
                Type = "Runtime"
                Number = "1037"
            >Couldn't resolve default property of object DRptEquipSum.Height.</Issue>
            <Issue
                Type = "Runtime"
                Number = "1037"
            >Couldn't resolve default property of object DRptEquipSum.Width.</Issue>
        </Section>
        <Section Name = "mnuMeterReading_Click" >
            <Issue
                Type = "Runtime"
                Number = "1037"
            >Couldn't resolve default property of object Forms.count.</Issue>
            <Issue
                Type = "Compile"
                Number = "2068"
                PME = "Forms"
            >Forms collection was not upgraded.</Issue>
        </Section>
        <Section Name = "mnuMeterReadingList_Click" >
            <Issue
                Type = "Runtime"
                Number = "1037"
            >Couldn't resolve default property of object DRptMeterReading.Show.</Issue>
            <Issue
                Type = "Runtime"
                Number = "1037"
            >Couldn't resolve default property of object DRptMeterReading.Top.</Issue>
            <Issue
                Type = "Runtime"
                Number = "1037"
            >Couldn't resolve default property of object DRptMeterReading.Left.</Issue>
            <Issue
                Type = "Runtime"
                Number = "1037"
            >Couldn't resolve default property of object DRptMeterReading.Height.</Issue>
            <Issue
                Type = "Runtime"
                Number = "1037"
            >Couldn't resolve default property of object DRptMeterReading.Width.</Issue>
        </Section>
    </File>
    <File
        OldPath = "C:\PeopleService\PeopleService\frmWorkOrder.frm"
        NewPath = "C:\PeopleServiceDOTNET\PeopleService\prjWOS.NET\frmWorkOrder.vb"
        FileType = "Form"
        Upgraded = "True"
    >
        <Section Name = "(Layout)" >
            <Issue
                Type = "Design"
                Number = "2056"
                ObjectName = "cboEquipID"
                ObjectType = "ComboBox"
                PME = "ItemData"
            >ComboBox property cboEquipID.ItemData was not upgraded.</Issue>
            <Issue
                Type = "Design"
                Number = "2064"
                ObjectName = "txtCount"
                ObjectType = "TextBox"
            >TextBox property txtCount.DataSource was not upgraded.</Issue>
        </Section>
        <Section Name = "cboEquipID_KeyUp" >
            <Issue
                Type = "Runtime"
                Number = "1037"
            >Couldn't resolve default property of object intEquipIDStore.</Issue>
        </Section>
        <Section Name = "cboEquipID_Validate" >
            <Issue
                Type = "Runtime"
                Number = "1037"
            >Couldn't resolve default property of object strEquipIDStore.</Issue>
            <Issue
                Type = "Runtime"
                Number = "1037"
            >Couldn't resolve default property of object intEquipIDStore.</Issue>
        </Section>
        <Section Name = "UpdateTaskWO" >
            <Issue
                Type = "Runtime"
                Number = "1037"
            >Couldn't resolve default property of object strFind.</Issue>
            <Issue
                Type = "Runtime"
                Number = "1037"
            >Couldn't resolve default property of object intIntervalMeter.</Issue>
            <Issue
                Type = "Runtime"
                Number = "1037"
            >Couldn't resolve default property of object strSQL.</Issue>
            <Issue
                Type = "Runtime"
                Number = "1037"
            >Couldn't resolve default property of object dtDateComp.</Issue>
        </Section>
        <Section Name = "Clear" >
            <Issue
                Type = "Runtime"
                Number = "1037"
            >Couldn't resolve default property of object intEquipIDStore.</Issue>
            <Issue
                Type = "Runtime"
                Number = "1037"
            >Couldn't resolve default property of object strEquipIDStore.</Issue>
        </Section>
        <Section Name = "AddUpdateWO" >
            <Issue
                Type = "Runtime"
                Number = "1037"
            >Couldn't resolve default property of object strEquipID.</Issue>
            <Issue
                Type = "Runtime"
                Number = "1037"
            >Couldn't resolve default property of object intLenEquip.</Issue>
            <Issue
                Type = "Runtime"
                Number = "1037"
            >Couldn't resolve default property of object intPosEquip.</Issue>
            <Issue
                Type = "Runtime"
                Number = "1037"
            >Couldn't resolve default property of object strEquipNum.</Issue>
            <Issue
                Type = "Runtime"
                Number = "1037"
            >Couldn't resolve default property of object strTaskID.</Issue>
            <Issue
                Type = "Runtime"
                Number = "1049"
            >Use of Null/IsNull() detected.</Issue>
            <Issue
                Type = "Runtime"
                Number = "1037"
            >Couldn't resolve default property of object strDateCompleted.</Issue>
        </Section>
        <Section Name = "Form_Activate" >
            <Issue
                Type = "Runtime"
                Number = "2065"
                ObjectName = "frmWorkOrder"
                ObjectType = "Form"
                PME = "Activate"
            >Form event frmWorkOrder.Activate has a new behavior.</Issue>
        </Section>
        <Section Name = "Form_KeyUp" >
            <Issue
                Type = "Runtime"
                Number = "1037"
            >Couldn't resolve default property of object intEquipIDStore.</Issue>
            <Issue
                Type = "Runtime"
                Number = "1037"
            >Couldn't resolve default property of object strEquipIDStore.</Issue>
        </Section>
        <Section Name = "Form_Load" >
            <Issue
                Type = "Runtime"
                Number = "1037"
            >Couldn't resolve default property of object strSearchEquipKey.</Issue>
            <Issue
                Type = "Runtime"
                Number = "1037"
            >Couldn't resolve default property of object strSearchTaskDesc.</Issue>
            <Issue
                Type = "Runtime"
                Number = "1037"
            >Couldn't resolve default property of object strSearchMiscComments.</Issue>
            <Issue
                Type = "Runtime"
                Number = "1037"
            >Couldn't resolve default property of object strSearchInitial.</Issue>
            <Issue
                Type = "Runtime"
                Number = "1037"
            >Couldn't resolve default property of object strSearchDate1.</Issue>
            <Issue
                Type = "Runtime"
                Number = "1037"
            >Couldn't resolve default property of object strState.</Issue>
        </Section>
        <Section Name = "SetGrid" >
            <Issue
                Type = "Runtime"
                Number = "1037"
            >Couldn't resolve default property of object col1.Caption.</Issue>
            <Issue
                Type = "Runtime"
                Number = "1037"
            >Couldn't resolve default property of object col2.Caption.</Issue>
            <Issue
                Type = "Runtime"
                Number = "1037"
            >Couldn't resolve default property of object col3.Caption.</Issue>
            <Issue
                Type = "Runtime"
                Number = "1037"
            >Couldn't resolve default property of object col4.Caption.</Issue>
            <Issue
                Type = "Runtime"
                Number = "1037"
            >Couldn't resolve default property of object col5.Caption.</Issue>
            <Issue
                Type = "Runtime"
                Number = "1037"
            >Couldn't resolve default property of object col1.Width.</Issue>
            <Issue
                Type = "Runtime"
                Number = "1037"
            >Couldn't resolve default property of object col2.Width.</Issue>
            <Issue
                Type = "Runtime"
                Number = "1037"
            >Couldn't resolve default property of object col3.Width.</Issue>
            <Issue
                Type = "Runtime"
                Number = "1037"
            >Couldn't resolve default property of object col4.Width.</Issue>
            <Issue
                Type = "Runtime"
                Number = "1037"
            >Couldn't resolve default property of object col5.Width.</Issue>
        </Section>
        <Section Name = "ChangedData" >
            <Issue
                Type = "Runtime"
                Number = "1037"
            >Couldn't resolve default property of object strEquipID.</Issue>
            <Issue
                Type = "Runtime"
                Number = "1037"
            >Couldn't resolve default property of object intLenEquip.</Issue>
            <Issue
                Type = "Runtime"
                Number = "1037"
            >Couldn't resolve default property of object intPosEquip.</Issue>
            <Issue
                Type = "Runtime"
                Number = "1037"
            >Couldn't resolve default property of object strEquipNum.</Issue>
            <Issue
                Type = "Runtime"
                Number = "1037"
            >Couldn't resolve default property of object strTaskID.</Issue>
        </Section>
        <Section Name = "FillLabelsEquip" >
            <Issue
                Type = "Runtime"
                Number = "1049"
                PME = "IsNull"
            >Use of Null/IsNull() detected.</Issue>
        </Section>
        <Section Name = "FillLabelsTask" >
            <Issue
                Type = "Runtime"
                Number = "1049"
                PME = "IsNull"
            >Use of Null/IsNull() detected.</Issue>
        </Section>
        <Section Name = "FillFields" >
            <Issue
                Type = "Runtime"
                Number = "1037"
            >Couldn't resolve default property of object intEquipIDStore.</Issue>
            <Issue
                Type = "Runtime"
                Number = "1049"
                PME = "IsNull"
            >Use of Null/IsNull() detected.</Issue>
        </Section>
        <Section Name = "RetrieveWO" >
            <Issue
                Type = "Runtime"
                Number = "1037"
            >Couldn't resolve default property of object strSQL.</Issue>
        </Section>
        <Section Name = "Form_Unload" >
            <Issue
                Type = "Runtime"
                Number = "1037"
            >Couldn't resolve default property of object strSearchEquipKey.</Issue>
            <Issue
                Type = "Runtime"
                Number = "1037"
            >Couldn't resolve default property of object strSearchTaskDesc.</Issue>
            <Issue
                Type = "Runtime"
                Number = "1037"
            >Couldn't resolve default property of object strSearchMiscComments.</Issue>
            <Issue
                Type = "Runtime"
                Number = "1037"
            >Couldn't resolve default property of object strSearchDate1.</Issue>
            <Issue
                Type = "Runtime"
                Number = "1037"
            >Couldn't resolve default property of object strState.</Issue>
            <Issue
                Type = "Runtime"
                Number = "2065"
                ObjectName = "frmWorkOrder"
                ObjectType = "Form"
                PME = "Unload"
            >Form event frmWorkOrder.Unload has a new behavior.</Issue>
        </Section>
        <Section Name = "PrintReports" >
            <Issue
                Type = "Runtime"
                Number = "1037"
            >Couldn't resolve default property of object strSearchEquipKey.</Issue>
            <Issue
                Type = "Runtime"
                Number = "1037"
            >Couldn't resolve default property of object strSearchTaskDesc.</Issue>
            <Issue
                Type = "Runtime"
                Number = "1037"
            >Couldn't resolve default property of object strSearchMiscComments.</Issue>
            <Issue
                Type = "Runtime"
                Number = "1037"
            >Couldn't resolve default property of object strSearchInitial.</Issue>
            <Issue
                Type = "Runtime"
                Number = "1037"
            >Couldn't resolve default property of object strSearchDate1.</Issue>
            <Issue
                Type = "Runtime"
                Number = "1037"
            >Couldn't resolve default property of object DRptWOList.Show.</Issue>
            <Issue
                Type = "Runtime"
                Number = "1037"
            >Couldn't resolve default property of object DRptWOList.Top.</Issue>
            <Issue
                Type = "Runtime"
                Number = "1037"
            >Couldn't resolve default property of object DRptWOList.Left.</Issue>
            <Issue
                Type = "Runtime"
                Number = "1037"
            >Couldn't resolve default property of object DRptWOList.Height.</Issue>
            <Issue
                Type = "Runtime"
                Number = "1037"
            >Couldn't resolve default property of object DRptWOList.Width.</Issue>
            <Issue
                Type = "Runtime"
                Number = "1037"
            >Couldn't resolve default property of object DRptWOSum.Show.</Issue>
            <Issue
                Type = "Runtime"
                Number = "1037"
            >Couldn't resolve default property of object DRptWOSum.Top.</Issue>
            <Issue
                Type = "Runtime"
                Number = "1037"
            >Couldn't resolve default property of object DRptWOSum.Left.</Issue>
            <Issue
                Type = "Runtime"
                Number = "1037"
            >Couldn't resolve default property of object DRptWOSum.Height.</Issue>
            <Issue
                Type = "Runtime"
                Number = "1037"
            >Couldn't resolve default property of object DRptWOSum.Width.</Issue>
        </Section>
        <Section Name = "FindRecords" >
            <Issue
                Type = "Runtime"
                Number = "1037"
            >Couldn't resolve default property of object strInitialString.</Issue>
            <Issue
                Type = "Runtime"
                Number = "1037"
            >Couldn't resolve default property of object strSearchEquipKey.</Issue>
            <Issue
                Type = "Runtime"
                Number = "1037"
            >Couldn't resolve default property of object strSearchTaskDesc.</Issue>
            <Issue
                Type = "Runtime"
                Number = "1037"
            >Couldn't resolve default property of object strSearchMiscComments.</Issue>
            <Issue
                Type = "Runtime"
                Number = "1037"
            >Couldn't resolve default property of object strSearchInitial.</Issue>
            <Issue
                Type = "Runtime"
                Number = "1037"
            >Couldn't resolve default property of object strSearchDate1.</Issue>
            <Issue
                Type = "Runtime"
                Number = "1037"
            >Couldn't resolve default property of object strState.</Issue>
        </Section>
    </File>
    <File
        OldPath = "C:\PeopleService\PeopleService\frmPlant.frm"
        NewPath = "C:\PeopleServiceDOTNET\PeopleService\prjWOS.NET\frmPlant.vb"
        FileType = "Form"
        Upgraded = "True"
    >
        <Section Name = "(Layout)" >
            <Issue
                Type = "Design"
                Number = "2056"
                ObjectName = "cboPlant"
                ObjectType = "ComboBox"
                PME = "ItemData"
            >ComboBox property cboPlant.ItemData was not upgraded.</Issue>
        </Section>
    </File>
    <File
        OldPath = "C:\PeopleService\PeopleService\frmAddPlant.frm"
        NewPath = "C:\PeopleServiceDOTNET\PeopleService\prjWOS.NET\frmAddPlant.vb"
        FileType = "Form"
        Upgraded = "True"
    />
    <File
        OldPath = "C:\PeopleService\PeopleService\modPlant.bas"
        NewPath = "C:\PeopleServiceDOTNET\PeopleService\prjWOS.NET\modPlant.vb"
        FileType = "Module"
        Upgraded = "True"
    >
        <Section Name = "ValidatePlant" >
            <Issue
                Type = "Runtime"
                Number = "1041"
                PME = "TypeName"
            >TypeName has a new behavior.</Issue>
        </Section>
    </File>
    <File
        OldPath = "C:\PeopleService\PeopleService\modCommon.bas"
        NewPath = "C:\PeopleServiceDOTNET\PeopleService\prjWOS.NET\modCommon.vb"
        FileType = "Module"
        Upgraded = "True"
    />
    <File
        OldPath = "C:\PeopleService\PeopleService\modEquipment.bas"
        NewPath = "C:\PeopleServiceDOTNET\PeopleService\prjWOS.NET\modEquipment.vb"
        FileType = "Module"
        Upgraded = "True"
    >
        <Section Name = "ValidateEquipment" >
            <Issue
                Type = "Runtime"
                Number = "1041"
                PME = "TypeName"
            >TypeName has a new behavior.</Issue>
        </Section>
    </File>
    <File
        OldPath = "C:\PeopleService\PeopleService\modTask.bas"
        NewPath = "C:\PeopleServiceDOTNET\PeopleService\prjWOS.NET\modTask.vb"
        FileType = "Module"
        Upgraded = "True"
    >
        <Section Name = "ValidateTask" >
            <Issue
                Type = "Runtime"
                Number = "1041"
                PME = "TypeName"
            >TypeName has a new behavior.</Issue>
        </Section>
    </File>
    <File
        OldPath = "C:\PeopleService\PeopleService\modWorkOrder.bas"
        NewPath = "C:\PeopleServiceDOTNET\PeopleService\prjWOS.NET\modWorkOrder.vb"
        FileType = "Module"
        Upgraded = "True"
    >
        <Section Name = "ValidateWO" >
            <Issue
                Type = "Runtime"
                Number = "1041"
                PME = "TypeName"
            >TypeName has a new behavior.</Issue>
        </Section>
    </File>
    <File
        OldPath = "C:\PeopleService\PeopleService\frmMeterReading.frm"
        NewPath = "C:\PeopleServiceDOTNET\PeopleService\prjWOS.NET\frmMeterReading.vb"
        FileType = "Form"
        Upgraded = "True"
    >
        <Section Name = "DGridMeterReading_GotFocus" >
            <Issue
                Type = "Runtime"
                Number = "1049"
                PME = "IsNull"
            >Use of Null/IsNull() detected.</Issue>
        </Section>
        <Section Name = "DGridMeterReading_RowColChange" >
            <Issue
                Type = "Runtime"
                Number = "1049"
                PME = "IsNull"
            >Use of Null/IsNull() detected.</Issue>
        </Section>
        <Section Name = "DGridMeterReading_Validate" >
            <Issue
                Type = "Runtime"
                Number = "1049"
                PME = "IsNull"
            >Use of Null/IsNull() detected.</Issue>
        </Section>
        <Section Name = "Form_Activate" >
            <Issue
                Type = "Runtime"
                Number = "2065"
                ObjectName = "frmMeterReading"
                ObjectType = "Form"
                PME = "Activate"
            >Form event frmMeterReading.Activate has a new behavior.</Issue>
        </Section>
        <Section Name = "Form_Unload" >
            <Issue
                Type = "Runtime"
                Number = "2065"
                ObjectName = "frmMeterReading"
                ObjectType = "Form"
                PME = "Unload"
            >Form event frmMeterReading.Unload has a new behavior.</Issue>
        </Section>
    </File>
    <File
        OldPath = "C:\PeopleService\PeopleService\frmTask.frm"
        NewPath = "C:\PeopleServiceDOTNET\PeopleService\prjWOS.NET\frmTask.vb"
        FileType = "Form"
        Upgraded = "True"
    >
        <Section Name = "(Layout)" >
            <Issue
                Type = "Design"
                Number = "2056"
                ObjectName = "cboPriority"
                ObjectType = "ComboBox"
                PME = "ItemData"
            >ComboBox property cboPriority.ItemData was not upgraded.</Issue>
            <Issue
                Type = "Design"
                Number = "2056"
                ObjectName = "cboCycleType"
                ObjectType = "ComboBox"
                PME = "ItemData"
            >ComboBox property cboCycleType.ItemData was not upgraded.</Issue>
            <Issue
                Type = "Design"
                Number = "2064"
                ObjectName = "txtCount"
                ObjectType = "TextBox"
            >TextBox property txtCount.DataSource was not upgraded.</Issue>
            <Issue
                Type = "Design"
                Number = "2065"
                ObjectName = "txtCreatedby"
                ObjectType = "TextBox"
                PME = "MaxLength"
            >TextBox property txtCreatedby.MaxLength has a new behavior.</Issue>
            <Issue
                Type = "Design"
                Number = "2065"
                ObjectName = "txtTaskDesc"
                ObjectType = "TextBox"
                PME = "MaxLength"
            >TextBox property txtTaskDesc.MaxLength has a new behavior.</Issue>
            <Issue
                Type = "Design"
                Number = "2064"
                ObjectName = "txtIntervalDays"
                ObjectType = "TextBox"
                PME = "DataFormat"
            >TextBox property txtIntervalDays.DataFormat was not upgraded.</Issue>
            <Issue
                Type = "Design"
                Number = "2064"
                ObjectName = "txtIntervalMeter"
                ObjectType = "TextBox"
                PME = "DataFormat"
            >TextBox property txtIntervalMeter.DataFormat was not upgraded.</Issue>
            <Issue
                Type = "Design"
                Number = "2065"
                ObjectName = "txtToolsRequired"
                ObjectType = "TextBox"
                PME = "MaxLength"
            >TextBox property txtToolsRequired.MaxLength has a new behavior.</Issue>
            <Issue
                Type = "Design"
                Number = "2065"
                ObjectName = "txtMiscComments"
                ObjectType = "TextBox"
                PME = "MaxLength"
            >TextBox property txtMiscComments.MaxLength has a new behavior.</Issue>
            <Issue
                Type = "Design"
                Number = "2065"
                ObjectName = "txtLoTo"
                ObjectType = "TextBox"
                PME = "MaxLength"
            >TextBox property txtLoTo.MaxLength has a new behavior.</Issue>
            <Issue
                Type = "Design"
                Number = "1041"
                PME = "array"
            >Array has a new behavior.</Issue>
        </Section>
        <Section Name = "PrintReports" >
            <Issue
                Type = "Runtime"
                Number = "1037"
            >Couldn't resolve default property of object intPrintTask.</Issue>
            <Issue
                Type = "Runtime"
                Number = "1037"
            >Couldn't resolve default property of object intPrintEquip.</Issue>
            <Issue
                Type = "Runtime"
                Number = "1037"
            >Couldn't resolve default property of object DRptTaskList.Show.</Issue>
            <Issue
                Type = "Runtime"
                Number = "1037"
            >Couldn't resolve default property of object DRptTaskList.Top.</Issue>
            <Issue
                Type = "Runtime"
                Number = "1037"
            >Couldn't resolve default property of object DRptTaskList.Left.</Issue>
            <Issue
                Type = "Runtime"
                Number = "1037"
            >Couldn't resolve default property of object DRptTaskList.Height.</Issue>
            <Issue
                Type = "Runtime"
                Number = "1037"
            >Couldn't resolve default property of object DRptTaskList.Width.</Issue>
            <Issue
                Type = "Runtime"
                Number = "1037"
            >Couldn't resolve default property of object DRptTaskSum.Show.</Issue>
            <Issue
                Type = "Runtime"
                Number = "1037"
            >Couldn't resolve default property of object DRptTaskSum.Top.</Issue>
            <Issue
                Type = "Runtime"
                Number = "1037"
            >Couldn't resolve default property of object DRptTaskSum.Left.</Issue>
            <Issue
                Type = "Runtime"
                Number = "1037"
            >Couldn't resolve default property of object DRptTaskSum.Height.</Issue>
            <Issue
                Type = "Runtime"
                Number = "1037"
            >Couldn't resolve default property of object DRptTaskSum.Width.</Issue>
        </Section>
        <Section Name = "FindRecords" >
            <Issue
                Type = "Runtime"
                Number = "1037"
            >Couldn't resolve default property of object strInitialString.</Issue>
            <Issue
                Type = "Runtime"
                Number = "1037"
            >Couldn't resolve default property of object strPrintOpt.</Issue>
            <Issue
                Type = "Runtime"
                Number = "1037"
            >Couldn't resolve default property of object strPrintDate.</Issue>
            <Issue
                Type = "Runtime"
                Number = "1037"
            >Couldn't resolve default property of object strPrintEquipKey.</Issue>
            <Issue
                Type = "Runtime"
                Number = "1037"
            >Couldn't resolve default property of object intPrintEquip.</Issue>
            <Issue
                Type = "Runtime"
                Number = "1037"
            >Couldn't resolve default property of object intPrintTask.</Issue>
            <Issue
                Type = "Runtime"
                Number = "1037"
            >Couldn't resolve default property of object strSQL.</Issue>
        </Section>
        <Section Name = "AddUpdateTask" >
            <Issue
                Type = "Runtime"
                Number = "1049"
            >Use of Null/IsNull() detected.</Issue>
            <Issue
                Type = "Runtime"
                Number = "1037"
            >Couldn't resolve default property of object dtLastWorked.</Issue>
        </Section>
        <Section Name = "cboCycleType_GotFocus" >
            <Issue
                Type = "Runtime"
                Number = "1037"
            >Couldn't resolve default property of object strCycleTypeStore.</Issue>
        </Section>
        <Section Name = "cboCycleType_KeyDown" >
            <Issue
                Type = "Runtime"
                Number = "1037"
            >Couldn't resolve default property of object strCycleTypeStore.</Issue>
        </Section>
        <Section Name = "cboCycleType_LostFocus" >
            <Issue
                Type = "Runtime"
                Number = "1037"
            >Couldn't resolve default property of object strCycleTypeStore.</Issue>
        </Section>
        <Section Name = "cboCycleType_Validate" >
            <Issue
                Type = "Runtime"
                Number = "1037"
            >Couldn't resolve default property of object strCycleTypeStore.</Issue>
            <Issue
                Type = "Runtime"
                Number = "1037"
            >Couldn't resolve default property of object dtLastWorkedDate.</Issue>
        </Section>
        <Section Name = "cboEquipID_LostFocus" >
            <Issue
                Type = "Runtime"
                Number = "1037"
            >Couldn't resolve default property of object strEquipIDStore.</Issue>
        </Section>
        <Section Name = "cboEquipID_Validate" >
            <Issue
                Type = "Runtime"
                Number = "1037"
            >Couldn't resolve default property of object intLen2.</Issue>
            <Issue
                Type = "Runtime"
                Number = "1037"
            >Couldn't resolve default property of object strEquipIDStore.</Issue>
        </Section>
        <Section Name = "cmdPrintForm_Click" >
            <Issue
                Type = "Compile"
                Number = "2064"
                ObjectName = "frmTask"
                ObjectType = "Form"
                PME = "PrintForm"
            >Form method frmTask.PrintForm was not upgraded.</Issue>
        </Section>
        <Section Name = "Form_Activate" >
            <Issue
                Type = "Runtime"
                Number = "2065"
                ObjectName = "frmTask"
                ObjectType = "Form"
                PME = "Activate"
            >Form event frmTask.Activate has a new behavior.</Issue>
        </Section>
        <Section Name = "FormLoadType" >
            <Issue
                Type = "Runtime"
                Number = "1037"
            >Couldn't resolve default property of object strSQL.</Issue>
            <Issue
                Type = "Runtime"
                Number = "1037"
            >Couldn't resolve default property of object strPrintOpt.</Issue>
            <Issue
                Type = "Runtime"
                Number = "1037"
            >Couldn't resolve default property of object strPrintDate.</Issue>
            <Issue
                Type = "Runtime"
                Number = "1037"
            >Couldn't resolve default property of object strPrintEquipKey.</Issue>
        </Section>
        <Section Name = "SetGrid" >
            <Issue
                Type = "Runtime"
                Number = "1037"
            >Couldn't resolve default property of object col1.Caption.</Issue>
            <Issue
                Type = "Runtime"
                Number = "1037"
            >Couldn't resolve default property of object col2.Caption.</Issue>
            <Issue
                Type = "Runtime"
                Number = "1037"
            >Couldn't resolve default property of object col3.Caption.</Issue>
            <Issue
                Type = "Runtime"
                Number = "1037"
            >Couldn't resolve default property of object col4.Caption.</Issue>
            <Issue
                Type = "Runtime"
                Number = "1037"
            >Couldn't resolve default property of object col5.Caption.</Issue>
            <Issue
                Type = "Runtime"
                Number = "1037"
            >Couldn't resolve default property of object col1.Width.</Issue>
            <Issue
                Type = "Runtime"
                Number = "1037"
            >Couldn't resolve default property of object col2.Width.</Issue>
            <Issue
                Type = "Runtime"
                Number = "1037"
            >Couldn't resolve default property of object col3.Width.</Issue>
            <Issue
                Type = "Runtime"
                Number = "1037"
            >Couldn't resolve default property of object col4.Width.</Issue>
            <Issue
                Type = "Runtime"
                Number = "1037"
            >Couldn't resolve default property of object col5.Width.</Issue>
        </Section>
        <Section Name = "FillFields" >
            <Issue
                Type = "Runtime"
                Number = "1049"
                PME = "IsNull"
            >Use of Null/IsNull() detected.</Issue>
        </Section>
        <Section Name = "ChangedData" >
            <Issue
                Type = "Runtime"
                Number = "1037"
            >Couldn't resolve default property of object strEquipID.</Issue>
        </Section>
        <Section Name = "Form_Unload" >
            <Issue
                Type = "Runtime"
                Number = "2065"
                ObjectName = "frmTask"
                ObjectType = "Form"
                PME = "Unload"
            >Form event frmTask.Unload has a new behavior.</Issue>
        </Section>
    </File>
    <File
        OldPath = "C:\PeopleService\PeopleService\frmSearch.frm"
        NewPath = "C:\PeopleServiceDOTNET\PeopleService\prjWOS.NET\frmSearch.vb"
        FileType = "Form"
        Upgraded = "True"
    >
        <Section Name = "(Layout)" >
            <Issue
                Type = "Design"
                Number = "2065"
                ObjectName = "txtEquipKey"
                ObjectType = "TextBox"
                PME = "MaxLength"
            >TextBox property txtEquipKey.MaxLength has a new behavior.</Issue>
        </Section>
    </File>
    <File
        OldPath = "C:\PeopleService\PeopleService\DRptEquipList.Dsr"
        NewPath = "C:\PeopleServiceDOTNET\PeopleService\prjWOS.NET\DRptEquipList.dsr"
        FileType = "ActiveX Designer"
        Upgraded = "False"
    >
        <Section Name = "(Layout)" >
            <Issue
                Type = "Design"
                Number = "4001"
            >Activex Designer DRptEquipList.Dsr was not upgraded.</Issue>
        </Section>
    </File>
    <File
        OldPath = "C:\PeopleService\PeopleService\DEnvWos.Dsr"
        NewPath = "C:\PeopleServiceDOTNET\PeopleService\prjWOS.NET\DEnvWos.vb"
        FileType = "ActiveX Designer"
        Upgraded = "True"
    >
        <Section Name = "(Layout)" >
            <Issue
                Type = "Design"
                Number = "2067"
            >Recordset control propComWOList2.RelateToParent was not upgraded.</Issue>
            <Issue
                Type = "Design"
                Number = "2067"
            >Recordset control propComWOList2.ParentCommandName was not upgraded.</Issue>
        </Section>
    </File>
    <File
        OldPath = "C:\PeopleService\PeopleService\DRptTaskList.Dsr"
        NewPath = "C:\PeopleServiceDOTNET\PeopleService\prjWOS.NET\DRptTaskList.dsr"
        FileType = "ActiveX Designer"
        Upgraded = "False"
    >
        <Section Name = "(Layout)" >
            <Issue
                Type = "Design"
                Number = "4001"
            >Activex Designer DRptTaskList.Dsr was not upgraded.</Issue>
        </Section>
    </File>
    <File
        OldPath = "C:\PeopleService\PeopleService\DRptWOList.Dsr"
        NewPath = "C:\PeopleServiceDOTNET\PeopleService\prjWOS.NET\DRptWOList.dsr"
        FileType = "ActiveX Designer"
        Upgraded = "False"
    >
        <Section Name = "(Layout)" >
            <Issue
                Type = "Design"
                Number = "4001"
            >Activex Designer DRptWOList.Dsr was not upgraded.</Issue>
        </Section>
    </File>
    <File
        OldPath = "C:\PeopleService\PeopleService\DRptEquipSum.Dsr"
        NewPath = "C:\PeopleServiceDOTNET\PeopleService\prjWOS.NET\DRptEquipSum.dsr"
        FileType = "ActiveX Designer"
        Upgraded = "False"
    >
        <Section Name = "(Layout)" >
            <Issue
                Type = "Design"
                Number = "4001"
            >Activex Designer DRptEquipSum.Dsr was not upgraded.</Issue>
        </Section>
    </File>
    <File
        OldPath = "C:\PeopleService\PeopleService\DRptTaskSum.Dsr"
        NewPath = "C:\PeopleServiceDOTNET\PeopleService\prjWOS.NET\DRptTaskSum.dsr"
        FileType = "ActiveX Designer"
        Upgraded = "False"
    >
        <Section Name = "(Layout)" >
            <Issue
                Type = "Design"
                Number = "4001"
            >Activex Designer DRptTaskSum.Dsr was not upgraded.</Issue>
        </Section>
    </File>
    <File
        OldPath = "C:\PeopleService\PeopleService\frmSearchTask.frm"
        NewPath = "C:\PeopleServiceDOTNET\PeopleService\prjWOS.NET\frmSearchTask.vb"
        FileType = "Form"
        Upgraded = "True"
    >
        <Section Name = "cmdFind_Click" >
            <Issue
                Type = "Runtime"
                Number = "1037"
            >Couldn't resolve default property of object strOpt.</Issue>
        </Section>
    </File>
    <File
        OldPath = "C:\PeopleService\PeopleService\DRptMeterReading.Dsr"
        NewPath = "C:\PeopleServiceDOTNET\PeopleService\prjWOS.NET\DRptMeterReading.dsr"
        FileType = "ActiveX Designer"
        Upgraded = "False"
    >
        <Section Name = "(Layout)" >
            <Issue
                Type = "Design"
                Number = "4001"
            >Activex Designer DRptMeterReading.Dsr was not upgraded.</Issue>
        </Section>
    </File>
    <File
        OldPath = "C:\PeopleService\PeopleService\DRptWOSumNew.Dsr"
        NewPath = "C:\PeopleServiceDOTNET\PeopleService\prjWOS.NET\DRptWOSumNew.dsr"
        FileType = "ActiveX Designer"
        Upgraded = "False"
    >
        <Section Name = "(Layout)" >
            <Issue
                Type = "Design"
                Number = "4001"
            >Activex Designer DRptWOSumNew.Dsr was not upgraded.</Issue>
        </Section>
    </File>
</UpgradeLog>

