Microsoft (R) Help Compiler
HCRTF 4.03.0002
Copyright (c) Microsoft Corp 1990 - 1995. All rights reserved.
Scribble.hpj
    HC1002: Note: 
	Using existing phrase table: Scribble.ph.
    HC3025: Warning: topic #1 of d:\VNext\PDCSample\VoiceScribble\hlp\.\afxcore.rtf : 
	Jump to undefined Topic ID: "menu_record".
    HC3025: Warning: topic #3 of d:\VNext\PDCSample\VoiceScribble\hlp\.\afxcore.rtf : 
	Jump to undefined Topic ID: "HID_OLE_EDIT_LINKS".
    HC3025: Warning: topic #3 of d:\VNext\PDCSample\VoiceScribble\hlp\.\afxcore.rtf : 
	Jump to undefined Topic ID: "HID_EDIT_PASTE_LINK".
    HC3025: Warning: topic #3 of d:\VNext\PDCSample\VoiceScribble\hlp\.\afxcore.rtf : 
	Jump to undefined Topic ID: "HID_OLE_INSERT_NEW".
    HC1010: Note: 
	The following mapped Topic IDs were not used in any topic:
	HID_GRAPHIC_MODE
	HID_ENABLE_GRAMMAR
	HID_EDIT_MODE
	HIDP_OLE_INIT_FAILED
	HIDR_SRGRAMMAR1
	HID_CANCEL_EDIT_SRVR
	HIDR_SCRIBBTYPE_SRVR_EMB
	HIDD_PEN_WIDTHS
	HID_TurtleGraphics_RUN
	HID_DISABLE_GRAMMAR
	HID_TurtleGraphics_GRAMMAR
	HID_TurtleGraphics_COMPILE
	HIDR_SCRIBBTYPE_SRVR_IP
    HC3031: Warning: 
	Help Workshop does not support compressed BMP files: D:\VNEXT\PDCSAMPLE\VOICESCRIBBLE\HLP\EDITCUT.BMP.
    HC3031: Warning: 
	Help Workshop does not support compressed BMP files: D:\VNEXT\PDCSAMPLE\VOICESCRIBBLE\HLP\EDITCOPY.BMP.
    HC3031: Warning: 
	Help Workshop does not support compressed BMP files: D:\VNEXT\PDCSAMPLE\VOICESCRIBBLE\HLP\EDITPAST.BMP.
    HC3031: Warning: 
	Help Workshop does not support compressed BMP files: D:\VNEXT\PDCSAMPLE\VOICESCRIBBLE\HLP\RECFIRST.BMP.
    HC3031: Warning: 
	Help Workshop does not support compressed BMP files: D:\VNEXT\PDCSAMPLE\VOICESCRIBBLE\HLP\RECPREV.BMP.
    HC3031: Warning: 
	Help Workshop does not support compressed BMP files: D:\VNEXT\PDCSAMPLE\VOICESCRIBBLE\HLP\RECNEXT.BMP.
    HC3031: Warning: 
	Help Workshop does not support compressed BMP files: D:\VNEXT\PDCSAMPLE\VOICESCRIBBLE\HLP\RECLAST.BMP.
    HC3031: Warning: 
	Help Workshop does not support compressed BMP files: D:\VNEXT\PDCSAMPLE\VOICESCRIBBLE\HLP\CURHELP.BMP.
    HC3031: Warning: 
	Help Workshop does not support compressed BMP files: D:\VNEXT\PDCSAMPLE\VOICESCRIBBLE\HLP\SCMIN.BMP.
    HC3031: Warning: 
	Help Workshop does not support compressed BMP files: D:\VNEXT\PDCSAMPLE\VOICESCRIBBLE\HLP\SCMAX.BMP.
79	Topics
56	Jumps
19	Keywords
21	Bitmaps


Created d:\VNext\PDCSample\VoiceScribble\hlp\Scribble.hlp, 38,079 bytes
Bitmaps: 3,382 bytes
Phrase+Zeck compression decreased help file by 15,136 bytes.
Compile time: 0 minutes, 0 seconds
2 notes, 14 warnings
